{"level":"info","message":"Database connected successfully","timestamp":"2025-06-07T05:37:53.696Z"}
{"level":"info","message":"Session table checked/initialized successfully","timestamp":"2025-06-07T05:37:53.805Z"}
{"level":"info","message":"Admin user(s) already exist, skipping default admin creation.","timestamp":"2025-06-07T05:37:53.847Z"}
{"level":"info","message":"Server running on port 3000","timestamp":"2025-06-07T05:37:53.932Z"}
{"level":"info","message":"Database connected successfully","timestamp":"2025-06-07T05:57:16.265Z"}
{"level":"info","message":"Session table checked/initialized successfully","timestamp":"2025-06-07T05:57:16.318Z"}
{"level":"info","message":"Admin user(s) already exist, skipping default admin creation.","timestamp":"2025-06-07T05:57:16.340Z"}
{"level":"info","message":"Server running on port 3000","timestamp":"2025-06-07T05:57:16.447Z"}
{"level":"info","message":"Database connected successfully","timestamp":"2025-06-07T05:57:24.215Z"}
{"level":"info","message":"Session table checked/initialized successfully","timestamp":"2025-06-07T05:57:24.239Z"}
{"level":"info","message":"Admin user(s) already exist, skipping default admin creation.","timestamp":"2025-06-07T05:57:24.249Z"}
{"level":"info","message":"Server running on port 3000","timestamp":"2025-06-07T05:57:24.287Z"}
{"level":"error","message":"Unhandled error: Not allowed by CORS","method":"GET","path":"/api/auth/status","stack":"Error: Not allowed by CORS\n    at origin (D:\\WebDevelopment\\AppDemo\\Backend\\server.js:43:16)\n    at D:\\WebDevelopment\\AppDemo\\Backend\\node_modules\\cors\\lib\\index.js:219:13\n    at optionsCallback (D:\\WebDevelopment\\AppDemo\\Backend\\node_modules\\cors\\lib\\index.js:199:9)\n    at corsMiddleware (D:\\WebDevelopment\\AppDemo\\Backend\\node_modules\\cors\\lib\\index.js:204:7)\n    at Layer.handle [as handle_request] (D:\\WebDevelopment\\AppDemo\\Backend\\node_modules\\express\\lib\\router\\layer.js:95:5)\n    at trim_prefix (D:\\WebDevelopment\\AppDemo\\Backend\\node_modules\\express\\lib\\router\\index.js:328:13)\n    at D:\\WebDevelopment\\AppDemo\\Backend\\node_modules\\express\\lib\\router\\index.js:286:9\n    at Function.process_params (D:\\WebDevelopment\\AppDemo\\Backend\\node_modules\\express\\lib\\router\\index.js:346:12)\n    at next (D:\\WebDevelopment\\AppDemo\\Backend\\node_modules\\express\\lib\\router\\index.js:280:10)\n    at expressInit (D:\\WebDevelopment\\AppDemo\\Backend\\node_modules\\express\\lib\\middleware\\init.js:40:5)","timestamp":"2025-06-07T05:57:52.315Z"}
{"level":"error","message":"Unhandled error: Not allowed by CORS","method":"GET","path":"/api/auth/status","stack":"Error: Not allowed by CORS\n    at origin (D:\\WebDevelopment\\AppDemo\\Backend\\server.js:43:16)\n    at D:\\WebDevelopment\\AppDemo\\Backend\\node_modules\\cors\\lib\\index.js:219:13\n    at optionsCallback (D:\\WebDevelopment\\AppDemo\\Backend\\node_modules\\cors\\lib\\index.js:199:9)\n    at corsMiddleware (D:\\WebDevelopment\\AppDemo\\Backend\\node_modules\\cors\\lib\\index.js:204:7)\n    at Layer.handle [as handle_request] (D:\\WebDevelopment\\AppDemo\\Backend\\node_modules\\express\\lib\\router\\layer.js:95:5)\n    at trim_prefix (D:\\WebDevelopment\\AppDemo\\Backend\\node_modules\\express\\lib\\router\\index.js:328:13)\n    at D:\\WebDevelopment\\AppDemo\\Backend\\node_modules\\express\\lib\\router\\index.js:286:9\n    at Function.process_params (D:\\WebDevelopment\\AppDemo\\Backend\\node_modules\\express\\lib\\router\\index.js:346:12)\n    at next (D:\\WebDevelopment\\AppDemo\\Backend\\node_modules\\express\\lib\\router\\index.js:280:10)\n    at expressInit (D:\\WebDevelopment\\AppDemo\\Backend\\node_modules\\express\\lib\\middleware\\init.js:40:5)","timestamp":"2025-06-07T05:58:52.298Z"}
{"level":"error","message":"Unhandled error: Not allowed by CORS","method":"GET","path":"/api/auth/status","stack":"Error: Not allowed by CORS\n    at origin (D:\\WebDevelopment\\AppDemo\\Backend\\server.js:43:16)\n    at D:\\WebDevelopment\\AppDemo\\Backend\\node_modules\\cors\\lib\\index.js:219:13\n    at optionsCallback (D:\\WebDevelopment\\AppDemo\\Backend\\node_modules\\cors\\lib\\index.js:199:9)\n    at corsMiddleware (D:\\WebDevelopment\\AppDemo\\Backend\\node_modules\\cors\\lib\\index.js:204:7)\n    at Layer.handle [as handle_request] (D:\\WebDevelopment\\AppDemo\\Backend\\node_modules\\express\\lib\\router\\layer.js:95:5)\n    at trim_prefix (D:\\WebDevelopment\\AppDemo\\Backend\\node_modules\\express\\lib\\router\\index.js:328:13)\n    at D:\\WebDevelopment\\AppDemo\\Backend\\node_modules\\express\\lib\\router\\index.js:286:9\n    at Function.process_params (D:\\WebDevelopment\\AppDemo\\Backend\\node_modules\\express\\lib\\router\\index.js:346:12)\n    at next (D:\\WebDevelopment\\AppDemo\\Backend\\node_modules\\express\\lib\\router\\index.js:280:10)\n    at expressInit (D:\\WebDevelopment\\AppDemo\\Backend\\node_modules\\express\\lib\\middleware\\init.js:40:5)","timestamp":"2025-06-07T05:59:52.304Z"}
{"level":"error","message":"Unhandled error: Not allowed by CORS","method":"GET","path":"/api/auth/status","stack":"Error: Not allowed by CORS\n    at origin (D:\\WebDevelopment\\AppDemo\\Backend\\server.js:43:16)\n    at D:\\WebDevelopment\\AppDemo\\Backend\\node_modules\\cors\\lib\\index.js:219:13\n    at optionsCallback (D:\\WebDevelopment\\AppDemo\\Backend\\node_modules\\cors\\lib\\index.js:199:9)\n    at corsMiddleware (D:\\WebDevelopment\\AppDemo\\Backend\\node_modules\\cors\\lib\\index.js:204:7)\n    at Layer.handle [as handle_request] (D:\\WebDevelopment\\AppDemo\\Backend\\node_modules\\express\\lib\\router\\layer.js:95:5)\n    at trim_prefix (D:\\WebDevelopment\\AppDemo\\Backend\\node_modules\\express\\lib\\router\\index.js:328:13)\n    at D:\\WebDevelopment\\AppDemo\\Backend\\node_modules\\express\\lib\\router\\index.js:286:9\n    at Function.process_params (D:\\WebDevelopment\\AppDemo\\Backend\\node_modules\\express\\lib\\router\\index.js:346:12)\n    at next (D:\\WebDevelopment\\AppDemo\\Backend\\node_modules\\express\\lib\\router\\index.js:280:10)\n    at expressInit (D:\\WebDevelopment\\AppDemo\\Backend\\node_modules\\express\\lib\\middleware\\init.js:40:5)","timestamp":"2025-06-07T06:00:31.342Z"}
{"level":"error","message":"Unhandled error: Not allowed by CORS","method":"GET","path":"/api/auth/status","stack":"Error: Not allowed by CORS\n    at origin (D:\\WebDevelopment\\AppDemo\\Backend\\server.js:43:16)\n    at D:\\WebDevelopment\\AppDemo\\Backend\\node_modules\\cors\\lib\\index.js:219:13\n    at optionsCallback (D:\\WebDevelopment\\AppDemo\\Backend\\node_modules\\cors\\lib\\index.js:199:9)\n    at corsMiddleware (D:\\WebDevelopment\\AppDemo\\Backend\\node_modules\\cors\\lib\\index.js:204:7)\n    at Layer.handle [as handle_request] (D:\\WebDevelopment\\AppDemo\\Backend\\node_modules\\express\\lib\\router\\layer.js:95:5)\n    at trim_prefix (D:\\WebDevelopment\\AppDemo\\Backend\\node_modules\\express\\lib\\router\\index.js:328:13)\n    at D:\\WebDevelopment\\AppDemo\\Backend\\node_modules\\express\\lib\\router\\index.js:286:9\n    at Function.process_params (D:\\WebDevelopment\\AppDemo\\Backend\\node_modules\\express\\lib\\router\\index.js:346:12)\n    at next (D:\\WebDevelopment\\AppDemo\\Backend\\node_modules\\express\\lib\\router\\index.js:280:10)\n    at expressInit (D:\\WebDevelopment\\AppDemo\\Backend\\node_modules\\express\\lib\\middleware\\init.js:40:5)","timestamp":"2025-06-07T06:01:02.305Z"}
{"level":"error","message":"Unhandled error: Not allowed by CORS","method":"GET","path":"/api/auth/status","stack":"Error: Not allowed by CORS\n    at origin (D:\\WebDevelopment\\AppDemo\\Backend\\server.js:43:16)\n    at D:\\WebDevelopment\\AppDemo\\Backend\\node_modules\\cors\\lib\\index.js:219:13\n    at optionsCallback (D:\\WebDevelopment\\AppDemo\\Backend\\node_modules\\cors\\lib\\index.js:199:9)\n    at corsMiddleware (D:\\WebDevelopment\\AppDemo\\Backend\\node_modules\\cors\\lib\\index.js:204:7)\n    at Layer.handle [as handle_request] (D:\\WebDevelopment\\AppDemo\\Backend\\node_modules\\express\\lib\\router\\layer.js:95:5)\n    at trim_prefix (D:\\WebDevelopment\\AppDemo\\Backend\\node_modules\\express\\lib\\router\\index.js:328:13)\n    at D:\\WebDevelopment\\AppDemo\\Backend\\node_modules\\express\\lib\\router\\index.js:286:9\n    at Function.process_params (D:\\WebDevelopment\\AppDemo\\Backend\\node_modules\\express\\lib\\router\\index.js:346:12)\n    at next (D:\\WebDevelopment\\AppDemo\\Backend\\node_modules\\express\\lib\\router\\index.js:280:10)\n    at expressInit (D:\\WebDevelopment\\AppDemo\\Backend\\node_modules\\express\\lib\\middleware\\init.js:40:5)","timestamp":"2025-06-07T06:01:32.300Z"}
{"level":"error","message":"Unhandled error: Not allowed by CORS","method":"GET","path":"/api/auth/status","stack":"Error: Not allowed by CORS\n    at origin (D:\\WebDevelopment\\AppDemo\\Backend\\server.js:43:16)\n    at D:\\WebDevelopment\\AppDemo\\Backend\\node_modules\\cors\\lib\\index.js:219:13\n    at optionsCallback (D:\\WebDevelopment\\AppDemo\\Backend\\node_modules\\cors\\lib\\index.js:199:9)\n    at corsMiddleware (D:\\WebDevelopment\\AppDemo\\Backend\\node_modules\\cors\\lib\\index.js:204:7)\n    at Layer.handle [as handle_request] (D:\\WebDevelopment\\AppDemo\\Backend\\node_modules\\express\\lib\\router\\layer.js:95:5)\n    at trim_prefix (D:\\WebDevelopment\\AppDemo\\Backend\\node_modules\\express\\lib\\router\\index.js:328:13)\n    at D:\\WebDevelopment\\AppDemo\\Backend\\node_modules\\express\\lib\\router\\index.js:286:9\n    at Function.process_params (D:\\WebDevelopment\\AppDemo\\Backend\\node_modules\\express\\lib\\router\\index.js:346:12)\n    at next (D:\\WebDevelopment\\AppDemo\\Backend\\node_modules\\express\\lib\\router\\index.js:280:10)\n    at expressInit (D:\\WebDevelopment\\AppDemo\\Backend\\node_modules\\express\\lib\\middleware\\init.js:40:5)","timestamp":"2025-06-07T06:01:42.314Z"}
{"level":"error","message":"Unhandled error: Not allowed by CORS","method":"GET","path":"/api/auth/status","stack":"Error: Not allowed by CORS\n    at origin (D:\\WebDevelopment\\AppDemo\\Backend\\server.js:43:16)\n    at D:\\WebDevelopment\\AppDemo\\Backend\\node_modules\\cors\\lib\\index.js:219:13\n    at optionsCallback (D:\\WebDevelopment\\AppDemo\\Backend\\node_modules\\cors\\lib\\index.js:199:9)\n    at corsMiddleware (D:\\WebDevelopment\\AppDemo\\Backend\\node_modules\\cors\\lib\\index.js:204:7)\n    at Layer.handle [as handle_request] (D:\\WebDevelopment\\AppDemo\\Backend\\node_modules\\express\\lib\\router\\layer.js:95:5)\n    at trim_prefix (D:\\WebDevelopment\\AppDemo\\Backend\\node_modules\\express\\lib\\router\\index.js:328:13)\n    at D:\\WebDevelopment\\AppDemo\\Backend\\node_modules\\express\\lib\\router\\index.js:286:9\n    at Function.process_params (D:\\WebDevelopment\\AppDemo\\Backend\\node_modules\\express\\lib\\router\\index.js:346:12)\n    at next (D:\\WebDevelopment\\AppDemo\\Backend\\node_modules\\express\\lib\\router\\index.js:280:10)\n    at expressInit (D:\\WebDevelopment\\AppDemo\\Backend\\node_modules\\express\\lib\\middleware\\init.js:40:5)","timestamp":"2025-06-07T06:02:13.314Z"}
{"level":"error","message":"Unhandled error: Not allowed by CORS","method":"GET","path":"/api/auth/status","stack":"Error: Not allowed by CORS\n    at origin (D:\\WebDevelopment\\AppDemo\\Backend\\server.js:43:16)\n    at D:\\WebDevelopment\\AppDemo\\Backend\\node_modules\\cors\\lib\\index.js:219:13\n    at optionsCallback (D:\\WebDevelopment\\AppDemo\\Backend\\node_modules\\cors\\lib\\index.js:199:9)\n    at corsMiddleware (D:\\WebDevelopment\\AppDemo\\Backend\\node_modules\\cors\\lib\\index.js:204:7)\n    at Layer.handle [as handle_request] (D:\\WebDevelopment\\AppDemo\\Backend\\node_modules\\express\\lib\\router\\layer.js:95:5)\n    at trim_prefix (D:\\WebDevelopment\\AppDemo\\Backend\\node_modules\\express\\lib\\router\\index.js:328:13)\n    at D:\\WebDevelopment\\AppDemo\\Backend\\node_modules\\express\\lib\\router\\index.js:286:9\n    at Function.process_params (D:\\WebDevelopment\\AppDemo\\Backend\\node_modules\\express\\lib\\router\\index.js:346:12)\n    at next (D:\\WebDevelopment\\AppDemo\\Backend\\node_modules\\express\\lib\\router\\index.js:280:10)\n    at expressInit (D:\\WebDevelopment\\AppDemo\\Backend\\node_modules\\express\\lib\\middleware\\init.js:40:5)","timestamp":"2025-06-07T06:02:43.314Z"}
{"level":"error","message":"Unhandled error: Not allowed by CORS","method":"GET","path":"/api/auth/status","stack":"Error: Not allowed by CORS\n    at origin (D:\\WebDevelopment\\AppDemo\\Backend\\server.js:43:16)\n    at D:\\WebDevelopment\\AppDemo\\Backend\\node_modules\\cors\\lib\\index.js:219:13\n    at optionsCallback (D:\\WebDevelopment\\AppDemo\\Backend\\node_modules\\cors\\lib\\index.js:199:9)\n    at corsMiddleware (D:\\WebDevelopment\\AppDemo\\Backend\\node_modules\\cors\\lib\\index.js:204:7)\n    at Layer.handle [as handle_request] (D:\\WebDevelopment\\AppDemo\\Backend\\node_modules\\express\\lib\\router\\layer.js:95:5)\n    at trim_prefix (D:\\WebDevelopment\\AppDemo\\Backend\\node_modules\\express\\lib\\router\\index.js:328:13)\n    at D:\\WebDevelopment\\AppDemo\\Backend\\node_modules\\express\\lib\\router\\index.js:286:9\n    at Function.process_params (D:\\WebDevelopment\\AppDemo\\Backend\\node_modules\\express\\lib\\router\\index.js:346:12)\n    at next (D:\\WebDevelopment\\AppDemo\\Backend\\node_modules\\express\\lib\\router\\index.js:280:10)\n    at expressInit (D:\\WebDevelopment\\AppDemo\\Backend\\node_modules\\express\\lib\\middleware\\init.js:40:5)","timestamp":"2025-06-07T06:02:58.323Z"}
{"level":"error","message":"Unhandled error: Not allowed by CORS","method":"GET","path":"/api/auth/status","stack":"Error: Not allowed by CORS\n    at origin (D:\\WebDevelopment\\AppDemo\\Backend\\server.js:43:16)\n    at D:\\WebDevelopment\\AppDemo\\Backend\\node_modules\\cors\\lib\\index.js:219:13\n    at optionsCallback (D:\\WebDevelopment\\AppDemo\\Backend\\node_modules\\cors\\lib\\index.js:199:9)\n    at corsMiddleware (D:\\WebDevelopment\\AppDemo\\Backend\\node_modules\\cors\\lib\\index.js:204:7)\n    at Layer.handle [as handle_request] (D:\\WebDevelopment\\AppDemo\\Backend\\node_modules\\express\\lib\\router\\layer.js:95:5)\n    at trim_prefix (D:\\WebDevelopment\\AppDemo\\Backend\\node_modules\\express\\lib\\router\\index.js:328:13)\n    at D:\\WebDevelopment\\AppDemo\\Backend\\node_modules\\express\\lib\\router\\index.js:286:9\n    at Function.process_params (D:\\WebDevelopment\\AppDemo\\Backend\\node_modules\\express\\lib\\router\\index.js:346:12)\n    at next (D:\\WebDevelopment\\AppDemo\\Backend\\node_modules\\express\\lib\\router\\index.js:280:10)\n    at expressInit (D:\\WebDevelopment\\AppDemo\\Backend\\node_modules\\express\\lib\\middleware\\init.js:40:5)","timestamp":"2025-06-07T06:03:29.302Z"}
{"level":"warn","message":"HTTPS credentials not found, falling back to HTTP:","timestamp":"2025-06-07T08:40:22.918Z"}
{"level":"info","message":"Database connected successfully","timestamp":"2025-06-07T08:40:23.044Z"}
{"level":"info","message":"Session table checked/initialized successfully","timestamp":"2025-06-07T08:40:23.153Z"}
{"level":"info","message":"Admin user(s) already exist, skipping default admin creation.","timestamp":"2025-06-07T08:40:23.197Z"}
{"level":"info","message":"Server running on http://0.0.0.0:3000","timestamp":"2025-06-07T08:40:23.331Z"}
{"level":"warn","message":"CORS blocked origin: http://localhost:8080","timestamp":"2025-06-07T08:40:38.837Z"}
{"level":"error","message":"Unhandled error: Not allowed by CORS","method":"GET","path":"/api/auth/status","stack":"Error: Not allowed by CORS\n    at origin (D:\\WebDevelopment\\AppDemo\\Backend\\server.js:50:16)\n    at D:\\WebDevelopment\\AppDemo\\Backend\\node_modules\\cors\\lib\\index.js:219:13\n    at optionsCallback (D:\\WebDevelopment\\AppDemo\\Backend\\node_modules\\cors\\lib\\index.js:199:9)\n    at corsMiddleware (D:\\WebDevelopment\\AppDemo\\Backend\\node_modules\\cors\\lib\\index.js:204:7)\n    at Layer.handle [as handle_request] (D:\\WebDevelopment\\AppDemo\\Backend\\node_modules\\express\\lib\\router\\layer.js:95:5)\n    at trim_prefix (D:\\WebDevelopment\\AppDemo\\Backend\\node_modules\\express\\lib\\router\\index.js:328:13)\n    at D:\\WebDevelopment\\AppDemo\\Backend\\node_modules\\express\\lib\\router\\index.js:286:9\n    at Function.process_params (D:\\WebDevelopment\\AppDemo\\Backend\\node_modules\\express\\lib\\router\\index.js:346:12)\n    at next (D:\\WebDevelopment\\AppDemo\\Backend\\node_modules\\express\\lib\\router\\index.js:280:10)\n    at expressInit (D:\\WebDevelopment\\AppDemo\\Backend\\node_modules\\express\\lib\\middleware\\init.js:40:5)","timestamp":"2025-06-07T08:40:38.840Z"}
{"level":"warn","message":"CORS blocked origin: http://localhost:8080","timestamp":"2025-06-07T08:41:09.000Z"}
{"level":"error","message":"Unhandled error: Not allowed by CORS","method":"GET","path":"/api/auth/status","stack":"Error: Not allowed by CORS\n    at origin (D:\\WebDevelopment\\AppDemo\\Backend\\server.js:50:16)\n    at D:\\WebDevelopment\\AppDemo\\Backend\\node_modules\\cors\\lib\\index.js:219:13\n    at optionsCallback (D:\\WebDevelopment\\AppDemo\\Backend\\node_modules\\cors\\lib\\index.js:199:9)\n    at corsMiddleware (D:\\WebDevelopment\\AppDemo\\Backend\\node_modules\\cors\\lib\\index.js:204:7)\n    at Layer.handle [as handle_request] (D:\\WebDevelopment\\AppDemo\\Backend\\node_modules\\express\\lib\\router\\layer.js:95:5)\n    at trim_prefix (D:\\WebDevelopment\\AppDemo\\Backend\\node_modules\\express\\lib\\router\\index.js:328:13)\n    at D:\\WebDevelopment\\AppDemo\\Backend\\node_modules\\express\\lib\\router\\index.js:286:9\n    at Function.process_params (D:\\WebDevelopment\\AppDemo\\Backend\\node_modules\\express\\lib\\router\\index.js:346:12)\n    at next (D:\\WebDevelopment\\AppDemo\\Backend\\node_modules\\express\\lib\\router\\index.js:280:10)\n    at expressInit (D:\\WebDevelopment\\AppDemo\\Backend\\node_modules\\express\\lib\\middleware\\init.js:40:5)","timestamp":"2025-06-07T08:41:09.002Z"}
{"level":"info","message":"Database connected successfully","timestamp":"2025-06-07T17:39:51.593Z"}
{"level":"info","message":"Session table checked/initialized successfully","timestamp":"2025-06-07T17:39:51.689Z"}
{"level":"info","message":"Admin user(s) already exist, skipping default admin creation.","timestamp":"2025-06-07T17:39:51.726Z"}
{"level":"info","message":"Server running on port 3000","timestamp":"2025-06-07T17:39:51.816Z"}
{"level":"info","message":"Database connected successfully","timestamp":"2025-06-07T17:48:19.447Z"}
{"level":"info","message":"Session table checked/initialized successfully","timestamp":"2025-06-07T17:48:19.465Z"}
{"level":"info","message":"Admin user(s) already exist, skipping default admin creation.","timestamp":"2025-06-07T17:48:19.479Z"}
{"level":"info","message":"Server running on port 3000","timestamp":"2025-06-07T17:48:19.510Z"}
{"level":"info","message":"Database connected successfully","timestamp":"2025-06-07T17:48:24.718Z"}
{"level":"info","message":"Session table checked/initialized successfully","timestamp":"2025-06-07T17:48:24.741Z"}
{"level":"info","message":"Admin user(s) already exist, skipping default admin creation.","timestamp":"2025-06-07T17:48:24.749Z"}
{"level":"info","message":"Server running on port 3000","timestamp":"2025-06-07T17:48:24.778Z"}
{"level":"warn","message":"HTTPS credentials not found, falling back to HTTP:","timestamp":"2025-06-07T17:51:48.577Z"}
{"level":"info","message":"Session table checked/initialized successfully","timestamp":"2025-06-07T17:51:48.663Z"}
{"level":"info","message":"Admin user(s) already exist, skipping default admin creation.","timestamp":"2025-06-07T17:51:48.673Z"}
{"level":"info","message":"Server running on http://0.0.0.0:3000","timestamp":"2025-06-07T17:51:48.705Z"}
{"level":"info","message":"Database connected successfully","timestamp":"2025-06-07T17:51:48.737Z"}
{"level":"warn","message":"HTTPS credentials not found, falling back to HTTP:","timestamp":"2025-06-07T17:54:10.214Z"}
{"level":"info","message":"Session table checked/initialized successfully","timestamp":"2025-06-07T17:54:10.294Z"}
{"level":"info","message":"Admin user(s) already exist, skipping default admin creation.","timestamp":"2025-06-07T17:54:10.303Z"}
{"level":"info","message":"Server running on http://0.0.0.0:3000","timestamp":"2025-06-07T17:54:10.339Z"}
{"level":"info","message":"Database connected successfully","timestamp":"2025-06-07T17:54:10.375Z"}
{"level":"warn","message":"HTTPS credentials not found, falling back to HTTP:","timestamp":"2025-06-07T17:54:13.501Z"}
{"level":"info","message":"Database connected successfully","timestamp":"2025-06-07T17:54:13.564Z"}
{"level":"info","message":"Session table checked/initialized successfully","timestamp":"2025-06-07T17:54:13.681Z"}
{"level":"info","message":"Admin user(s) already exist, skipping default admin creation.","timestamp":"2025-06-07T17:54:13.689Z"}
{"level":"info","message":"Server running on http://0.0.0.0:3000","timestamp":"2025-06-07T17:54:13.717Z"}
{"level":"warn","message":"HTTPS credentials not found, falling back to HTTP:","timestamp":"2025-06-07T18:04:33.021Z"}
{"level":"info","message":"Database connected successfully","timestamp":"2025-06-07T18:04:33.184Z"}
{"level":"info","message":"Session table checked/initialized successfully","timestamp":"2025-06-07T18:04:33.196Z"}
{"level":"info","message":"Admin user(s) already exist, skipping default admin creation.","timestamp":"2025-06-07T18:04:33.204Z"}
{"level":"info","message":"Server running on http://0.0.0.0:3000","timestamp":"2025-06-07T18:04:33.230Z"}
{"level":"warn","message":"HTTPS credentials not found, falling back to HTTP:","timestamp":"2025-06-08T21:00:01.216Z"}
{"level":"info","message":"Database connected successfully","timestamp":"2025-06-08T21:00:01.540Z"}
{"level":"info","message":"Session table checked/initialized successfully","timestamp":"2025-06-08T21:00:01.933Z"}
{"level":"info","message":"Admin user(s) already exist, skipping default admin creation.","timestamp":"2025-06-08T21:00:02.296Z"}
{"level":"info","message":"Server running on http://0.0.0.0:3000","timestamp":"2025-06-08T21:00:02.409Z"}
{"level":"warn","message":"CORS blocked origin: http://localhost:8080","timestamp":"2025-06-08T21:00:06.699Z"}
{"level":"error","message":"Unhandled error: Not allowed by CORS","method":"GET","path":"/api/auth/status","stack":"Error: Not allowed by CORS\n    at origin (D:\\WebDevelopment\\LbLibrary\\Backend\\server.js:50:16)\n    at D:\\WebDevelopment\\LbLibrary\\Backend\\node_modules\\cors\\lib\\index.js:219:13\n    at optionsCallback (D:\\WebDevelopment\\LbLibrary\\Backend\\node_modules\\cors\\lib\\index.js:199:9)\n    at corsMiddleware (D:\\WebDevelopment\\LbLibrary\\Backend\\node_modules\\cors\\lib\\index.js:204:7)\n    at Layer.handle [as handle_request] (D:\\WebDevelopment\\LbLibrary\\Backend\\node_modules\\express\\lib\\router\\layer.js:95:5)\n    at trim_prefix (D:\\WebDevelopment\\LbLibrary\\Backend\\node_modules\\express\\lib\\router\\index.js:328:13)\n    at D:\\WebDevelopment\\LbLibrary\\Backend\\node_modules\\express\\lib\\router\\index.js:286:9\n    at Function.process_params (D:\\WebDevelopment\\LbLibrary\\Backend\\node_modules\\express\\lib\\router\\index.js:346:12)\n    at next (D:\\WebDevelopment\\LbLibrary\\Backend\\node_modules\\express\\lib\\router\\index.js:280:10)\n    at expressInit (D:\\WebDevelopment\\LbLibrary\\Backend\\node_modules\\express\\lib\\middleware\\init.js:40:5)","timestamp":"2025-06-08T21:00:06.718Z"}
{"level":"warn","message":"CORS blocked origin: http://localhost:8080","timestamp":"2025-06-08T21:00:10.288Z"}
{"level":"error","message":"Unhandled error: Not allowed by CORS","method":"GET","path":"/api/auth/status","stack":"Error: Not allowed by CORS\n    at origin (D:\\WebDevelopment\\LbLibrary\\Backend\\server.js:50:16)\n    at D:\\WebDevelopment\\LbLibrary\\Backend\\node_modules\\cors\\lib\\index.js:219:13\n    at optionsCallback (D:\\WebDevelopment\\LbLibrary\\Backend\\node_modules\\cors\\lib\\index.js:199:9)\n    at corsMiddleware (D:\\WebDevelopment\\LbLibrary\\Backend\\node_modules\\cors\\lib\\index.js:204:7)\n    at Layer.handle [as handle_request] (D:\\WebDevelopment\\LbLibrary\\Backend\\node_modules\\express\\lib\\router\\layer.js:95:5)\n    at trim_prefix (D:\\WebDevelopment\\LbLibrary\\Backend\\node_modules\\express\\lib\\router\\index.js:328:13)\n    at D:\\WebDevelopment\\LbLibrary\\Backend\\node_modules\\express\\lib\\router\\index.js:286:9\n    at Function.process_params (D:\\WebDevelopment\\LbLibrary\\Backend\\node_modules\\express\\lib\\router\\index.js:346:12)\n    at next (D:\\WebDevelopment\\LbLibrary\\Backend\\node_modules\\express\\lib\\router\\index.js:280:10)\n    at expressInit (D:\\WebDevelopment\\LbLibrary\\Backend\\node_modules\\express\\lib\\middleware\\init.js:40:5)","timestamp":"2025-06-08T21:00:10.291Z"}
{"level":"warn","message":"CORS blocked origin: http://localhost:8080","timestamp":"2025-06-08T21:00:41.005Z"}
{"level":"error","message":"Unhandled error: Not allowed by CORS","method":"GET","path":"/api/auth/status","stack":"Error: Not allowed by CORS\n    at origin (D:\\WebDevelopment\\LbLibrary\\Backend\\server.js:50:16)\n    at D:\\WebDevelopment\\LbLibrary\\Backend\\node_modules\\cors\\lib\\index.js:219:13\n    at optionsCallback (D:\\WebDevelopment\\LbLibrary\\Backend\\node_modules\\cors\\lib\\index.js:199:9)\n    at corsMiddleware (D:\\WebDevelopment\\LbLibrary\\Backend\\node_modules\\cors\\lib\\index.js:204:7)\n    at Layer.handle [as handle_request] (D:\\WebDevelopment\\LbLibrary\\Backend\\node_modules\\express\\lib\\router\\layer.js:95:5)\n    at trim_prefix (D:\\WebDevelopment\\LbLibrary\\Backend\\node_modules\\express\\lib\\router\\index.js:328:13)\n    at D:\\WebDevelopment\\LbLibrary\\Backend\\node_modules\\express\\lib\\router\\index.js:286:9\n    at Function.process_params (D:\\WebDevelopment\\LbLibrary\\Backend\\node_modules\\express\\lib\\router\\index.js:346:12)\n    at next (D:\\WebDevelopment\\LbLibrary\\Backend\\node_modules\\express\\lib\\router\\index.js:280:10)\n    at expressInit (D:\\WebDevelopment\\LbLibrary\\Backend\\node_modules\\express\\lib\\middleware\\init.js:40:5)","timestamp":"2025-06-08T21:00:41.007Z"}
{"level":"info","message":"Database connected successfully","timestamp":"2025-06-08T21:00:58.839Z"}
{"level":"info","message":"Session table checked/initialized successfully","timestamp":"2025-06-08T21:00:58.860Z"}
{"level":"info","message":"Admin user(s) already exist, skipping default admin creation.","timestamp":"2025-06-08T21:00:58.873Z"}
{"level":"info","message":"Server running on port 3000","timestamp":"2025-06-08T21:00:58.920Z"}
{"level":"info","message":"Database connected successfully","timestamp":"2025-06-08T21:02:50.000Z"}
{"level":"info","message":"Session table checked/initialized successfully","timestamp":"2025-06-08T21:02:50.015Z"}
{"level":"info","message":"Admin user(s) already exist, skipping default admin creation.","timestamp":"2025-06-08T21:02:50.023Z"}
{"level":"info","message":"Server running on port 3000","timestamp":"2025-06-08T21:02:50.055Z"}
{"level":"info","message":"Database connected successfully","timestamp":"2025-06-08T21:02:59.346Z"}
{"level":"info","message":"Session table checked/initialized successfully","timestamp":"2025-06-08T21:02:59.361Z"}
{"level":"info","message":"Admin user(s) already exist, skipping default admin creation.","timestamp":"2025-06-08T21:02:59.369Z"}
{"level":"info","message":"Server running on port 3000","timestamp":"2025-06-08T21:02:59.398Z"}
{"level":"info","message":"Database connected successfully","timestamp":"2025-06-08T21:07:01.455Z"}
{"level":"info","message":"Session table checked/initialized successfully","timestamp":"2025-06-08T21:07:01.476Z"}
{"level":"info","message":"Admin user(s) already exist, skipping default admin creation.","timestamp":"2025-06-08T21:07:01.486Z"}
{"level":"info","message":"Server running on port 3000","timestamp":"2025-06-08T21:07:01.527Z"}
{"level":"info","message":"Database connected successfully","timestamp":"2025-06-08T21:28:45.405Z"}
{"level":"info","message":"Session table checked/initialized successfully","timestamp":"2025-06-08T21:28:45.420Z"}
{"level":"info","message":"Admin user(s) already exist, skipping default admin creation.","timestamp":"2025-06-08T21:28:45.428Z"}
{"level":"info","message":"Server running on port 3000","timestamp":"2025-06-08T21:28:45.458Z"}
{"level":"info","message":"Database connected successfully","timestamp":"2025-06-09T17:54:33.775Z"}
{"level":"info","message":"Session table checked/initialized successfully","timestamp":"2025-06-09T17:54:33.779Z"}
{"level":"info","message":"Admin user(s) already exist, skipping default admin creation.","timestamp":"2025-06-09T17:54:33.810Z"}
{"level":"info","message":"Server running on port 3000","timestamp":"2025-06-09T17:54:33.902Z"}
{"level":"info","message":"Database connected successfully","timestamp":"2025-06-09T18:12:40.870Z"}
{"level":"info","message":"Session table checked/initialized successfully","timestamp":"2025-06-09T18:12:40.915Z"}
{"level":"info","message":"Admin user(s) already exist, skipping default admin creation.","timestamp":"2025-06-09T18:12:40.931Z"}
{"level":"info","message":"Server running on port 3000","timestamp":"2025-06-09T18:12:41.007Z"}
{"level":"info","message":"Database connected successfully","timestamp":"2025-06-09T18:49:12.452Z"}
{"level":"info","message":"Session table checked/initialized successfully","timestamp":"2025-06-09T18:49:12.493Z"}
{"level":"info","message":"Admin user(s) already exist, skipping default admin creation.","timestamp":"2025-06-09T18:49:12.506Z"}
{"level":"info","message":"Server running on port 3000","timestamp":"2025-06-09T18:49:12.588Z"}
{"level":"info","message":"Session table checked/initialized successfully","timestamp":"2025-06-09T18:55:07.506Z"}
{"level":"info","message":"Admin user(s) already exist, skipping default admin creation.","timestamp":"2025-06-09T18:55:07.518Z"}
{"level":"info","message":"Server running on port 3000","timestamp":"2025-06-09T18:55:07.544Z"}
{"level":"info","message":"Database connected successfully","timestamp":"2025-06-09T18:55:07.589Z"}
{"level":"info","message":"Database connected successfully","timestamp":"2025-06-10T03:42:38.545Z"}
{"level":"info","message":"Session table checked/initialized successfully","timestamp":"2025-06-10T03:42:38.653Z"}
{"level":"info","message":"Admin user(s) already exist, skipping default admin creation.","timestamp":"2025-06-10T03:42:38.693Z"}
{"level":"info","message":"Server running on port 3000","timestamp":"2025-06-10T03:42:38.792Z"}
{"level":"info","message":"Database connected successfully","timestamp":"2025-06-10T04:09:39.094Z"}
{"level":"info","message":"Session table checked/initialized successfully","timestamp":"2025-06-10T04:09:39.136Z"}
{"level":"info","message":"Admin user(s) already exist, skipping default admin creation.","timestamp":"2025-06-10T04:09:39.156Z"}
{"level":"info","message":"Server running on port 3000","timestamp":"2025-06-10T04:09:39.216Z"}
{"level":"info","message":"Database connected successfully","timestamp":"2025-06-10T04:30:52.350Z"}
{"level":"info","message":"Session table checked/initialized successfully","timestamp":"2025-06-10T04:30:52.412Z"}
{"level":"info","message":"Admin user(s) already exist, skipping default admin creation.","timestamp":"2025-06-10T04:30:52.434Z"}
{"level":"info","message":"Server running on port 3000","timestamp":"2025-06-10T04:30:52.485Z"}
{"level":"info","message":"Database connected successfully","timestamp":"2025-06-10T04:34:35.062Z"}
{"level":"info","message":"Session table checked/initialized successfully","timestamp":"2025-06-10T04:34:35.099Z"}
{"level":"info","message":"Admin user(s) already exist, skipping default admin creation.","timestamp":"2025-06-10T04:34:35.112Z"}
{"level":"info","message":"Server running on port 3000","timestamp":"2025-06-10T04:34:35.166Z"}
{"level":"info","message":"Database connected successfully","timestamp":"2025-06-10T04:34:38.568Z"}
{"level":"info","message":"Session table checked/initialized successfully","timestamp":"2025-06-10T04:34:38.598Z"}
{"level":"info","message":"Admin user(s) already exist, skipping default admin creation.","timestamp":"2025-06-10T04:34:38.611Z"}
{"level":"info","message":"Server running on port 3000","timestamp":"2025-06-10T04:34:38.666Z"}
{"level":"info","message":"Database connected successfully","timestamp":"2025-06-10T04:49:39.841Z"}
{"level":"info","message":"Session table checked/initialized successfully","timestamp":"2025-06-10T04:49:39.902Z"}
{"level":"info","message":"Admin user(s) already exist, skipping default admin creation.","timestamp":"2025-06-10T04:49:39.922Z"}
{"level":"info","message":"Server running on port 3000","timestamp":"2025-06-10T04:49:39.970Z"}
{"level":"info","message":"Database connected successfully","timestamp":"2025-06-11T04:11:01.064Z"}
{"level":"info","message":"Session table checked/initialized successfully","timestamp":"2025-06-11T04:11:01.183Z"}
{"level":"info","message":"Admin user(s) already exist, skipping default admin creation.","timestamp":"2025-06-11T04:11:01.225Z"}
{"level":"info","message":"Server running on port 3000","timestamp":"2025-06-11T04:11:01.354Z"}
{"level":"info","message":"Database connected successfully","timestamp":"2025-06-11T05:21:16.817Z"}
{"level":"info","message":"Session table checked/initialized successfully","timestamp":"2025-06-11T05:21:16.847Z"}
{"level":"info","message":"Admin user(s) already exist, skipping default admin creation.","timestamp":"2025-06-11T05:21:16.865Z"}
{"level":"info","message":"Server running on port 3000","timestamp":"2025-06-11T05:21:16.908Z"}
{"level":"info","message":"Database connected successfully","timestamp":"2025-06-11T05:22:50.358Z"}
{"level":"info","message":"Session table checked/initialized successfully","timestamp":"2025-06-11T05:22:50.381Z"}
{"level":"info","message":"Admin user(s) already exist, skipping default admin creation.","timestamp":"2025-06-11T05:22:50.393Z"}
{"level":"info","message":"Server running on port 3000","timestamp":"2025-06-11T05:22:50.430Z"}
{"level":"info","message":"Database connected successfully","timestamp":"2025-06-11T05:23:17.203Z"}
{"level":"info","message":"Session table checked/initialized successfully","timestamp":"2025-06-11T05:23:17.235Z"}
{"level":"info","message":"Admin user(s) already exist, skipping default admin creation.","timestamp":"2025-06-11T05:23:17.248Z"}
{"level":"info","message":"Server running on port 3000","timestamp":"2025-06-11T05:23:17.284Z"}
{"level":"info","message":"Session table checked/initialized successfully","timestamp":"2025-06-11T05:36:43.110Z"}
{"level":"info","message":"Admin user(s) already exist, skipping default admin creation.","timestamp":"2025-06-11T05:36:43.128Z"}
{"level":"info","message":"Server running on port 3000","timestamp":"2025-06-11T05:36:43.160Z"}
{"level":"info","message":"Database connected successfully","timestamp":"2025-06-11T05:36:43.170Z"}
{"level":"info","message":"Database connected successfully","timestamp":"2025-06-11T05:54:53.418Z"}
{"level":"info","message":"Session table checked/initialized successfully","timestamp":"2025-06-11T05:54:53.434Z"}
{"level":"info","message":"Admin user(s) already exist, skipping default admin creation.","timestamp":"2025-06-11T05:54:53.442Z"}
{"level":"info","message":"Server running on port 3000","timestamp":"2025-06-11T05:54:53.471Z"}
{"level":"info","message":"Database connected successfully","timestamp":"2025-06-11T06:00:02.750Z"}
{"level":"info","message":"Session table checked/initialized successfully","timestamp":"2025-06-11T06:00:02.765Z"}
{"level":"info","message":"Admin user(s) already exist, skipping default admin creation.","timestamp":"2025-06-11T06:00:02.774Z"}
{"level":"info","message":"Server running on port 3000","timestamp":"2025-06-11T06:00:02.801Z"}
{"level":"info","message":"Database connected successfully","timestamp":"2025-06-11T06:02:32.875Z"}
{"level":"info","message":"Session table checked/initialized successfully","timestamp":"2025-06-11T06:02:32.891Z"}
{"level":"info","message":"Admin user(s) already exist, skipping default admin creation.","timestamp":"2025-06-11T06:02:32.898Z"}
{"level":"info","message":"Server running on port 3000","timestamp":"2025-06-11T06:02:32.924Z"}
{"level":"info","message":"Database connected successfully","timestamp":"2025-06-11T07:26:32.742Z"}
{"level":"info","message":"Session table checked/initialized successfully","timestamp":"2025-06-11T07:26:32.863Z"}
{"level":"info","message":"Admin user(s) already exist, skipping default admin creation.","timestamp":"2025-06-11T07:26:32.907Z"}
{"level":"info","message":"Server running on port 3000","timestamp":"2025-06-11T07:26:33.040Z"}
{"level":"info","message":"Database connected successfully","timestamp":"2025-06-11T08:15:16.590Z"}
{"level":"info","message":"Session table checked/initialized successfully","timestamp":"2025-06-11T08:15:16.720Z"}
{"level":"info","message":"Admin user(s) already exist, skipping default admin creation.","timestamp":"2025-06-11T08:15:16.769Z"}
{"level":"info","message":"Server running on port 3000","timestamp":"2025-06-11T08:15:16.903Z"}
{"level":"info","message":"Database connected successfully","timestamp":"2025-06-11T10:27:31.877Z"}
{"level":"info","message":"Session table checked/initialized successfully","timestamp":"2025-06-11T10:27:31.954Z"}
{"level":"info","message":"Admin user(s) already exist, skipping default admin creation.","timestamp":"2025-06-11T10:27:31.985Z"}
{"level":"info","message":"Server running on port 3000","timestamp":"2025-06-11T10:27:32.078Z"}
{"level":"info","message":"Database connected successfully","timestamp":"2025-06-11T10:36:28.473Z"}
{"level":"info","message":"Session table checked/initialized successfully","timestamp":"2025-06-11T10:36:28.496Z"}
{"level":"info","message":"Admin user(s) already exist, skipping default admin creation.","timestamp":"2025-06-11T10:36:28.508Z"}
{"level":"info","message":"Server running on port 3000","timestamp":"2025-06-11T10:36:28.556Z"}
{"level":"info","message":"Database connected successfully","timestamp":"2025-06-11T16:39:00.258Z"}
{"level":"info","message":"Session table checked/initialized successfully","timestamp":"2025-06-11T16:39:00.419Z"}
{"level":"info","message":"Admin user(s) already exist, skipping default admin creation.","timestamp":"2025-06-11T16:39:00.472Z"}
{"level":"info","message":"Server running on port 3000","timestamp":"2025-06-11T16:39:00.594Z"}
{"level":"info","message":"Database connected successfully","timestamp":"2025-06-11T18:16:46.961Z"}
{"level":"info","message":"Session table checked/initialized successfully","timestamp":"2025-06-11T18:16:47.010Z"}
{"level":"info","message":"Admin user(s) already exist, skipping default admin creation.","timestamp":"2025-06-11T18:16:47.036Z"}
{"level":"info","message":"Server running on port 3000","timestamp":"2025-06-11T18:16:47.098Z"}
{"level":"info","message":"Database connected successfully","timestamp":"2025-06-11T19:14:13.645Z"}
{"level":"info","message":"Session table checked/initialized successfully","timestamp":"2025-06-11T19:14:13.659Z"}
{"level":"info","message":"Admin user(s) already exist, skipping default admin creation.","timestamp":"2025-06-11T19:14:13.669Z"}
{"level":"info","message":"Server running on port 3000","timestamp":"2025-06-11T19:14:13.721Z"}
{"level":"info","message":"Session table checked/initialized successfully","timestamp":"2025-06-11T19:17:25.902Z"}
{"level":"info","message":"Admin user(s) already exist, skipping default admin creation.","timestamp":"2025-06-11T19:17:25.914Z"}
{"level":"info","message":"Server running on port 3000","timestamp":"2025-06-11T19:17:25.950Z"}
{"level":"info","message":"Database connected successfully","timestamp":"2025-06-11T19:17:25.984Z"}
{"level":"info","message":"Database connected successfully","timestamp":"2025-06-11T19:23:04.157Z"}
{"level":"info","message":"Session table checked/initialized successfully","timestamp":"2025-06-11T19:23:04.176Z"}
{"level":"info","message":"Admin user(s) already exist, skipping default admin creation.","timestamp":"2025-06-11T19:23:04.191Z"}
{"level":"info","message":"Server running on port 3000","timestamp":"2025-06-11T19:23:04.230Z"}
{"level":"info","message":"Database connected successfully","timestamp":"2025-06-11T19:59:27.197Z"}
{"level":"info","message":"Session table checked/initialized successfully","timestamp":"2025-06-11T19:59:27.228Z"}
{"level":"info","message":"Admin user(s) already exist, skipping default admin creation.","timestamp":"2025-06-11T19:59:27.242Z"}
{"level":"info","message":"Server running on port 3000","timestamp":"2025-06-11T19:59:27.281Z"}
{"level":"info","message":"Database connected successfully","timestamp":"2025-06-11T20:45:19.567Z"}
{"level":"info","message":"Session table checked/initialized successfully","timestamp":"2025-06-11T20:45:19.606Z"}
{"level":"info","message":"Admin user(s) already exist, skipping default admin creation.","timestamp":"2025-06-11T20:45:19.620Z"}
{"level":"info","message":"Server running on port 3000","timestamp":"2025-06-11T20:45:19.707Z"}
{"level":"info","message":"Database connected successfully","timestamp":"2025-06-12T05:20:04.323Z"}
{"level":"info","message":"Session table checked/initialized successfully","timestamp":"2025-06-12T05:20:04.338Z"}
{"level":"info","message":"Admin user(s) already exist, skipping default admin creation.","timestamp":"2025-06-12T05:20:04.354Z"}
{"level":"info","message":"Server running on port 3000","timestamp":"2025-06-12T05:20:04.401Z"}
{"level":"info","message":"Database connected successfully","timestamp":"2025-06-12T07:04:16.529Z"}
{"level":"info","message":"Session table checked/initialized successfully","timestamp":"2025-06-12T07:04:16.552Z"}
{"level":"info","message":"Admin user(s) already exist, skipping default admin creation.","timestamp":"2025-06-12T07:04:16.572Z"}
{"level":"info","message":"Server running on port 3000","timestamp":"2025-06-12T07:04:16.671Z"}
{"level":"info","message":"Database connected successfully","timestamp":"2025-06-12T07:07:49.538Z"}
{"level":"info","message":"Session table checked/initialized successfully","timestamp":"2025-06-12T07:07:49.573Z"}
{"level":"info","message":"Admin user(s) already exist, skipping default admin creation.","timestamp":"2025-06-12T07:07:49.590Z"}
{"level":"info","message":"Server running on port 3000","timestamp":"2025-06-12T07:07:49.661Z"}
{"level":"info","message":"Database connected successfully","timestamp":"2025-06-12T07:08:05.177Z"}
{"level":"info","message":"Session table checked/initialized successfully","timestamp":"2025-06-12T07:08:05.252Z"}
{"level":"info","message":"Admin user(s) already exist, skipping default admin creation.","timestamp":"2025-06-12T07:08:05.278Z"}
{"level":"info","message":"Server running on port 3000","timestamp":"2025-06-12T07:08:05.424Z"}
{"level":"info","message":"Session table checked/initialized successfully","timestamp":"2025-06-12T07:36:05.657Z"}
{"level":"info","message":"Admin user(s) already exist, skipping default admin creation.","timestamp":"2025-06-12T07:36:05.689Z"}
{"level":"info","message":"Server running on port 3000","timestamp":"2025-06-12T07:36:05.786Z"}
{"level":"info","message":"Database connected successfully","timestamp":"2025-06-12T07:36:05.788Z"}
{"level":"info","message":"Session table checked/initialized successfully","timestamp":"2025-06-12T07:37:17.634Z"}
{"level":"info","message":"Admin user(s) already exist, skipping default admin creation.","timestamp":"2025-06-12T07:37:17.646Z"}
{"level":"info","message":"Server running on port 3000","timestamp":"2025-06-12T07:37:17.675Z"}
{"level":"info","message":"Database connected successfully","timestamp":"2025-06-12T07:37:17.720Z"}
{"level":"info","message":"Database connected successfully","timestamp":"2025-06-12T07:37:20.870Z"}
{"level":"info","message":"Session table checked/initialized successfully","timestamp":"2025-06-12T07:37:20.888Z"}
{"level":"info","message":"Admin user(s) already exist, skipping default admin creation.","timestamp":"2025-06-12T07:37:20.896Z"}
{"level":"info","message":"Server running on port 3000","timestamp":"2025-06-12T07:37:20.925Z"}
{"level":"info","message":"Database connected successfully","timestamp":"2025-06-13T18:30:32.296Z"}
{"level":"info","message":"Session table checked/initialized successfully","timestamp":"2025-06-13T18:30:32.442Z"}
{"level":"info","message":"Admin user(s) already exist, skipping default admin creation.","timestamp":"2025-06-13T18:30:32.474Z"}
{"level":"info","message":"Server running on port 3000","timestamp":"2025-06-13T18:30:32.550Z"}
{"level":"info","message":"Database connected successfully","timestamp":"2025-06-14T05:52:58.089Z"}
{"level":"info","message":"Session table checked/initialized successfully","timestamp":"2025-06-14T05:52:58.189Z"}
{"level":"info","message":"Admin user(s) already exist, skipping default admin creation.","timestamp":"2025-06-14T05:52:58.228Z"}
{"level":"info","message":"Server running on port 3000","timestamp":"2025-06-14T05:52:58.316Z"}
{"level":"info","message":"Database connected successfully","timestamp":"2025-06-14T06:04:10.968Z"}
{"level":"info","message":"Session table checked/initialized successfully","timestamp":"2025-06-14T06:04:11.001Z"}
{"level":"info","message":"Admin user(s) already exist, skipping default admin creation.","timestamp":"2025-06-14T06:04:11.027Z"}
{"level":"info","message":"Server running on port 3000","timestamp":"2025-06-14T06:04:11.094Z"}
{"level":"info","message":"Database connected successfully","timestamp":"2025-06-14T06:14:00.198Z"}
{"level":"info","message":"Session table checked/initialized successfully","timestamp":"2025-06-14T06:14:00.235Z"}
{"level":"info","message":"Admin user(s) already exist, skipping default admin creation.","timestamp":"2025-06-14T06:14:00.253Z"}
{"level":"info","message":"Server running on port 3000","timestamp":"2025-06-14T06:14:00.300Z"}
{"level":"info","message":"Database connected successfully","timestamp":"2025-06-14T07:07:50.072Z"}
{"level":"info","message":"Session table checked/initialized successfully","timestamp":"2025-06-14T07:07:50.104Z"}
{"level":"info","message":"Admin user(s) already exist, skipping default admin creation.","timestamp":"2025-06-14T07:07:50.120Z"}
{"level":"info","message":"Server running on port 3000","timestamp":"2025-06-14T07:07:50.169Z"}
{"level":"info","message":"Database connected successfully","timestamp":"2025-06-14T07:14:39.083Z"}
{"level":"info","message":"Session table checked/initialized successfully","timestamp":"2025-06-14T07:14:39.113Z"}
{"level":"info","message":"Admin user(s) already exist, skipping default admin creation.","timestamp":"2025-06-14T07:14:39.136Z"}
{"level":"info","message":"Server running on port 3000","timestamp":"2025-06-14T07:14:39.186Z"}
{"level":"info","message":"Database connected successfully","timestamp":"2025-06-14T07:17:17.546Z"}
{"level":"info","message":"Session table checked/initialized successfully","timestamp":"2025-06-14T07:17:17.570Z"}
{"level":"info","message":"Admin user(s) already exist, skipping default admin creation.","timestamp":"2025-06-14T07:17:17.583Z"}
{"level":"info","message":"Server running on port 3000","timestamp":"2025-06-14T07:17:17.630Z"}
{"level":"info","message":"Database connected successfully","timestamp":"2025-06-14T07:24:04.392Z"}
{"level":"info","message":"Session table checked/initialized successfully","timestamp":"2025-06-14T07:24:04.421Z"}
{"level":"info","message":"Admin user(s) already exist, skipping default admin creation.","timestamp":"2025-06-14T07:24:04.431Z"}
{"level":"info","message":"Server running on port 3000","timestamp":"2025-06-14T07:24:04.461Z"}
{"level":"info","message":"Database connected successfully","timestamp":"2025-06-15T14:31:18.932Z"}
{"level":"info","message":"Session table checked/initialized successfully","timestamp":"2025-06-15T14:31:18.962Z"}
{"level":"info","message":"Admin user(s) already exist, skipping default admin creation.","timestamp":"2025-06-15T14:31:18.978Z"}
{"level":"info","message":"Server running on port 3000","timestamp":"2025-06-15T14:31:19.013Z"}
{"level":"info","message":"Database connected successfully","timestamp":"2025-06-15T14:34:59.479Z"}
{"level":"info","message":"Session table checked/initialized successfully","timestamp":"2025-06-15T14:34:59.504Z"}
{"level":"info","message":"Admin user(s) already exist, skipping default admin creation.","timestamp":"2025-06-15T14:34:59.521Z"}
{"level":"info","message":"Server running on port 3000","timestamp":"2025-06-15T14:34:59.590Z"}
{"level":"info","message":"Database connected successfully","timestamp":"2025-06-15T14:38:32.702Z"}
{"level":"info","message":"Session table checked/initialized successfully","timestamp":"2025-06-15T14:38:32.720Z"}
{"level":"info","message":"Admin user(s) already exist, skipping default admin creation.","timestamp":"2025-06-15T14:38:32.732Z"}
{"level":"info","message":"Server running on port 3000","timestamp":"2025-06-15T14:38:32.773Z"}
{"level":"info","message":"Database connected successfully","timestamp":"2025-06-15T14:38:51.079Z"}
{"level":"info","message":"Session table checked/initialized successfully","timestamp":"2025-06-15T14:38:51.104Z"}
{"level":"info","message":"Admin user(s) already exist, skipping default admin creation.","timestamp":"2025-06-15T14:38:51.117Z"}
{"level":"info","message":"Server running on port 3000","timestamp":"2025-06-15T14:38:51.156Z"}
{"level":"info","message":"Database connected successfully","timestamp":"2025-06-16T04:35:44.558Z"}
{"level":"info","message":"Session table checked/initialized successfully","timestamp":"2025-06-16T04:35:44.599Z"}
{"level":"info","message":"Admin user(s) already exist, skipping default admin creation.","timestamp":"2025-06-16T04:35:44.623Z"}
{"level":"info","message":"Server running on port 3000","timestamp":"2025-06-16T04:35:44.680Z"}
{"level":"info","message":"Database connected successfully","timestamp":"2025-06-16T05:36:21.936Z"}
{"level":"info","message":"Session table checked/initialized successfully","timestamp":"2025-06-16T05:36:21.990Z"}
{"level":"info","message":"Admin user(s) already exist, skipping default admin creation.","timestamp":"2025-06-16T05:36:22.015Z"}
{"level":"info","message":"Server running on port 3000","timestamp":"2025-06-16T05:36:22.065Z"}
{"level":"info","message":"Database connected successfully","timestamp":"2025-06-16T05:39:33.693Z"}
{"level":"info","message":"Session table checked/initialized successfully","timestamp":"2025-06-16T05:39:33.744Z"}
{"level":"info","message":"Admin user(s) already exist, skipping default admin creation.","timestamp":"2025-06-16T05:39:33.765Z"}
{"level":"info","message":"Server running on port 3000","timestamp":"2025-06-16T05:39:33.829Z"}
{"level":"info","message":"Database connected successfully","timestamp":"2025-06-16T05:39:36.563Z"}
{"level":"info","message":"Session table checked/initialized successfully","timestamp":"2025-06-16T05:39:36.583Z"}
{"level":"info","message":"Admin user(s) already exist, skipping default admin creation.","timestamp":"2025-06-16T05:39:36.594Z"}
{"level":"info","message":"Server running on port 3000","timestamp":"2025-06-16T05:39:36.642Z"}
{"level":"info","message":"Session table checked/initialized successfully","timestamp":"2025-06-16T07:15:29.995Z"}
{"level":"info","message":"Admin user(s) already exist, skipping default admin creation.","timestamp":"2025-06-16T07:15:30.012Z"}
{"level":"info","message":"Server running on port 3000","timestamp":"2025-06-16T07:15:30.092Z"}
{"level":"info","message":"Database connected successfully","timestamp":"2025-06-16T07:15:30.099Z"}
{"level":"info","message":"Database connected successfully","timestamp":"2025-06-16T09:19:39.600Z"}
{"level":"info","message":"Session table checked/initialized successfully","timestamp":"2025-06-16T09:19:39.643Z"}
{"level":"info","message":"Admin user(s) already exist, skipping default admin creation.","timestamp":"2025-06-16T09:19:39.661Z"}
{"level":"info","message":"Server running on port 3000","timestamp":"2025-06-16T09:19:39.817Z"}
{"level":"info","message":"Database connected successfully","timestamp":"2025-06-16T15:20:12.085Z"}
{"level":"info","message":"Session table checked/initialized successfully","timestamp":"2025-06-16T15:20:12.158Z"}
{"level":"info","message":"Admin user(s) already exist, skipping default admin creation.","timestamp":"2025-06-16T15:20:12.190Z"}
{"level":"info","message":"Server running on port 3000","timestamp":"2025-06-16T15:20:12.338Z"}
{"level":"info","message":"Database connected successfully","timestamp":"2025-06-16T16:07:26.899Z"}
{"level":"info","message":"Session table checked/initialized successfully","timestamp":"2025-06-16T16:07:26.939Z"}
{"level":"info","message":"Admin user(s) already exist, skipping default admin creation.","timestamp":"2025-06-16T16:07:26.956Z"}
{"level":"info","message":"Server running on port 3000","timestamp":"2025-06-16T16:07:27.066Z"}
{"level":"info","message":"Database connected successfully","timestamp":"2025-06-16T18:09:38.337Z"}
{"level":"info","message":"Session table checked/initialized successfully","timestamp":"2025-06-16T18:09:38.361Z"}
{"level":"info","message":"Admin user(s) already exist, skipping default admin creation.","timestamp":"2025-06-16T18:09:38.373Z"}
{"level":"info","message":"Server running on port 3000","timestamp":"2025-06-16T18:09:38.421Z"}
{"level":"info","message":"Database connected successfully","timestamp":"2025-06-16T18:09:41.498Z"}
{"level":"info","message":"Session table checked/initialized successfully","timestamp":"2025-06-16T18:09:41.524Z"}
{"level":"info","message":"Admin user(s) already exist, skipping default admin creation.","timestamp":"2025-06-16T18:09:41.535Z"}
{"level":"info","message":"Server running on port 3000","timestamp":"2025-06-16T18:09:41.577Z"}
{"level":"info","message":"Database connected successfully","timestamp":"2025-06-16T18:33:28.444Z"}
{"level":"info","message":"Session table checked/initialized successfully","timestamp":"2025-06-16T18:33:28.527Z"}
{"level":"info","message":"Admin user(s) already exist, skipping default admin creation.","timestamp":"2025-06-16T18:33:28.553Z"}
{"level":"info","message":"Server running on port 3000","timestamp":"2025-06-16T18:33:28.698Z"}
{"level":"info","message":"Session table checked/initialized successfully","timestamp":"2025-06-16T18:34:16.816Z"}
{"level":"info","message":"Admin user(s) already exist, skipping default admin creation.","timestamp":"2025-06-16T18:34:16.834Z"}
{"level":"info","message":"Server running on port 3000","timestamp":"2025-06-16T18:34:16.889Z"}
{"level":"info","message":"Database connected successfully","timestamp":"2025-06-16T18:34:16.905Z"}
{"level":"info","message":"Database connected successfully","timestamp":"2025-06-16T18:34:21.448Z"}
{"level":"info","message":"Session table checked/initialized successfully","timestamp":"2025-06-16T18:34:21.472Z"}
{"level":"info","message":"Admin user(s) already exist, skipping default admin creation.","timestamp":"2025-06-16T18:34:21.483Z"}
{"level":"info","message":"Server running on port 3000","timestamp":"2025-06-16T18:34:21.532Z"}
{"level":"info","message":"Database connected successfully","timestamp":"2025-06-17T03:59:17.220Z"}
{"level":"info","message":"Session table checked/initialized successfully","timestamp":"2025-06-17T03:59:17.350Z"}
{"level":"info","message":"Admin user(s) already exist, skipping default admin creation.","timestamp":"2025-06-17T03:59:17.400Z"}
{"level":"info","message":"Server running on port 3000","timestamp":"2025-06-17T03:59:17.538Z"}
{"level":"info","message":"Database connected successfully","timestamp":"2025-06-17T04:28:36.497Z"}
{"level":"info","message":"Session table checked/initialized successfully","timestamp":"2025-06-17T04:28:36.518Z"}
{"level":"info","message":"Admin user(s) already exist, skipping default admin creation.","timestamp":"2025-06-17T04:28:36.530Z"}
{"level":"info","message":"Server running on port 3000","timestamp":"2025-06-17T04:28:36.576Z"}
{"level":"info","message":"Database connected successfully","timestamp":"2025-06-17T16:59:33.216Z"}
{"level":"info","message":"Session table checked/initialized successfully","timestamp":"2025-06-17T16:59:33.254Z"}
{"level":"info","message":"Admin user(s) already exist, skipping default admin creation.","timestamp":"2025-06-17T16:59:33.279Z"}
{"level":"info","message":"Server running on port 3000","timestamp":"2025-06-17T16:59:33.424Z"}
{"level":"info","message":"Database connected successfully","timestamp":"2025-06-17T17:04:34.161Z"}
{"level":"info","message":"Session table checked/initialized successfully","timestamp":"2025-06-17T17:04:34.187Z"}
{"level":"info","message":"Admin user(s) already exist, skipping default admin creation.","timestamp":"2025-06-17T17:04:34.201Z"}
{"level":"info","message":"Server running on port 3000","timestamp":"2025-06-17T17:04:34.250Z"}
{"level":"info","message":"Database connected successfully","timestamp":"2025-06-17T17:04:37.317Z"}
{"level":"info","message":"Session table checked/initialized successfully","timestamp":"2025-06-17T17:04:37.344Z"}
{"level":"info","message":"Admin user(s) already exist, skipping default admin creation.","timestamp":"2025-06-17T17:04:37.355Z"}
{"level":"info","message":"Server running on port 3000","timestamp":"2025-06-17T17:04:37.405Z"}
{"level":"info","message":"Database connected successfully","timestamp":"2025-06-19T15:29:22.754Z"}
{"level":"error","message":"Error initializing session table:","timestamp":"2025-06-19T15:29:22.761Z"}
{"level":"error","message":"Error creating default admin user:","timestamp":"2025-06-19T15:29:22.765Z"}
{"level":"info","message":"Server running on port 3000","timestamp":"2025-06-19T15:29:22.896Z"}
{"level":"info","message":"Session table checked/initialized successfully","timestamp":"2025-06-19T15:34:15.515Z"}
{"level":"info","message":"Default admin user created.","timestamp":"2025-06-19T15:34:15.553Z"}
{"level":"info","message":"Server running on port 3000","timestamp":"2025-06-19T15:34:15.605Z"}
{"level":"info","message":"Database connected successfully","timestamp":"2025-06-19T15:34:15.606Z"}
{"level":"info","message":"Database connected successfully","timestamp":"2025-06-19T15:34:35.494Z"}
{"level":"info","message":"Session table checked/initialized successfully","timestamp":"2025-06-19T15:34:35.508Z"}
{"level":"info","message":"Admin user(s) already exist, skipping default admin creation.","timestamp":"2025-06-19T15:34:35.517Z"}
{"level":"info","message":"Server running on port 3000","timestamp":"2025-06-19T15:34:35.556Z"}
{"level":"info","message":"Database connected successfully","timestamp":"2025-06-19T15:35:10.210Z"}
{"level":"info","message":"Session table checked/initialized successfully","timestamp":"2025-06-19T15:35:10.245Z"}
{"level":"info","message":"Admin user(s) already exist, skipping default admin creation.","timestamp":"2025-06-19T15:35:10.268Z"}
{"level":"info","message":"Server running on port 3000","timestamp":"2025-06-19T15:35:10.347Z"}
{"level":"info","message":"Database connected successfully","timestamp":"2025-06-19T15:35:26.817Z"}
{"level":"info","message":"Session table checked/initialized successfully","timestamp":"2025-06-19T15:35:26.841Z"}
{"level":"info","message":"Admin user(s) already exist, skipping default admin creation.","timestamp":"2025-06-19T15:35:26.855Z"}
{"level":"info","message":"Server running on port 3000","timestamp":"2025-06-19T15:35:26.901Z"}
{"level":"info","message":"Database connected successfully","timestamp":"2025-06-19T15:47:08.542Z"}
{"level":"info","message":"Session table checked/initialized successfully","timestamp":"2025-06-19T15:47:08.618Z"}
{"level":"info","message":"Admin user(s) already exist, skipping default admin creation.","timestamp":"2025-06-19T15:47:08.649Z"}
{"level":"info","message":"Server running on port 3000","timestamp":"2025-06-19T15:47:08.734Z"}
{"level":"info","message":"Database connected successfully","timestamp":"2025-06-19T15:48:53.499Z"}
{"level":"info","message":"Session table checked/initialized successfully","timestamp":"2025-06-19T15:48:53.534Z"}
{"level":"info","message":"Admin user(s) already exist, skipping default admin creation.","timestamp":"2025-06-19T15:48:53.549Z"}
{"level":"info","message":"Server running on port 3000","timestamp":"2025-06-19T15:48:53.589Z"}
{"level":"info","message":"Database connected successfully","timestamp":"2025-06-19T15:51:21.172Z"}
{"level":"info","message":"Session table checked/initialized successfully","timestamp":"2025-06-19T15:51:21.195Z"}
{"level":"info","message":"Admin user(s) already exist, skipping default admin creation.","timestamp":"2025-06-19T15:51:21.205Z"}
{"level":"info","message":"Server running on port 3000","timestamp":"2025-06-19T15:51:21.248Z"}
{"level":"info","message":"Database connected successfully","timestamp":"2025-06-19T16:41:04.547Z"}
{"level":"info","message":"Session table checked/initialized successfully","timestamp":"2025-06-19T16:41:04.589Z"}
{"level":"info","message":"Admin user(s) already exist, skipping default admin creation.","timestamp":"2025-06-19T16:41:04.610Z"}
{"level":"info","message":"Server running on port 3000","timestamp":"2025-06-19T16:41:04.670Z"}
{"level":"info","message":"Database connected successfully","timestamp":"2025-06-19T16:44:29.701Z"}
{"level":"info","message":"Session table checked/initialized successfully","timestamp":"2025-06-19T16:44:29.732Z"}
{"level":"info","message":"Admin user(s) already exist, skipping default admin creation.","timestamp":"2025-06-19T16:44:29.750Z"}
{"level":"info","message":"Server running on port 3000","timestamp":"2025-06-19T16:44:29.801Z"}
{"level":"info","message":"Database connected successfully","timestamp":"2025-06-19T16:46:57.793Z"}
{"level":"info","message":"Session table checked/initialized successfully","timestamp":"2025-06-19T16:46:57.818Z"}
{"level":"info","message":"Admin user(s) already exist, skipping default admin creation.","timestamp":"2025-06-19T16:46:57.846Z"}
{"level":"info","message":"Server running on port 3000","timestamp":"2025-06-19T16:46:57.902Z"}
{"level":"info","message":"Database connected successfully","timestamp":"2025-06-19T16:50:54.867Z"}
{"level":"info","message":"Session table checked/initialized successfully","timestamp":"2025-06-19T16:50:54.897Z"}
{"level":"info","message":"Admin user(s) already exist, skipping default admin creation.","timestamp":"2025-06-19T16:50:54.912Z"}
{"level":"info","message":"Server running on port 3000","timestamp":"2025-06-19T16:50:54.965Z"}
{"level":"info","message":"Database connected successfully","timestamp":"2025-06-19T16:55:37.783Z"}
{"level":"info","message":"Session table checked/initialized successfully","timestamp":"2025-06-19T16:55:37.816Z"}
{"level":"info","message":"Admin user(s) already exist, skipping default admin creation.","timestamp":"2025-06-19T16:55:37.829Z"}
{"level":"info","message":"Server running on port 3000","timestamp":"2025-06-19T16:55:37.886Z"}
{"level":"info","message":"Database connected successfully","timestamp":"2025-06-19T17:00:07.900Z"}
{"level":"info","message":"Session table checked/initialized successfully","timestamp":"2025-06-19T17:00:07.944Z"}
{"level":"info","message":"Admin user(s) already exist, skipping default admin creation.","timestamp":"2025-06-19T17:00:07.969Z"}
{"level":"info","message":"Server running on port 3000","timestamp":"2025-06-19T17:00:08.023Z"}
{"level":"info","message":"Database connected successfully","timestamp":"2025-06-19T17:00:32.736Z"}
{"level":"info","message":"Session table checked/initialized successfully","timestamp":"2025-06-19T17:00:32.760Z"}
{"level":"info","message":"Admin user(s) already exist, skipping default admin creation.","timestamp":"2025-06-19T17:00:32.772Z"}
{"level":"info","message":"Server running on port 3000","timestamp":"2025-06-19T17:00:32.821Z"}
{"level":"info","message":"Database connected successfully","timestamp":"2025-06-19T17:00:43.811Z"}
{"level":"info","message":"Session table checked/initialized successfully","timestamp":"2025-06-19T17:00:43.834Z"}
{"level":"info","message":"Admin user(s) already exist, skipping default admin creation.","timestamp":"2025-06-19T17:00:43.849Z"}
{"level":"info","message":"Server running on port 3000","timestamp":"2025-06-19T17:00:43.906Z"}
{"level":"info","message":"Database connected successfully","timestamp":"2025-06-19T17:09:13.646Z"}
{"level":"info","message":"Session table checked/initialized successfully","timestamp":"2025-06-19T17:09:13.771Z"}
{"level":"info","message":"Admin user(s) already exist, skipping default admin creation.","timestamp":"2025-06-19T17:09:13.791Z"}
{"level":"info","message":"Server running on port 3000","timestamp":"2025-06-19T17:09:13.852Z"}
{"level":"info","message":"Database connected successfully","timestamp":"2025-06-19T17:14:59.304Z"}
{"level":"info","message":"Session table checked/initialized successfully","timestamp":"2025-06-19T17:14:59.334Z"}
{"level":"info","message":"Admin user(s) already exist, skipping default admin creation.","timestamp":"2025-06-19T17:14:59.352Z"}
{"level":"info","message":"Server running on port 3000","timestamp":"2025-06-19T17:14:59.405Z"}
{"level":"info","message":"Database connected successfully","timestamp":"2025-06-19T17:24:42.600Z"}
{"level":"info","message":"Session table checked/initialized successfully","timestamp":"2025-06-19T17:24:42.621Z"}
{"level":"info","message":"Admin user(s) already exist, skipping default admin creation.","timestamp":"2025-06-19T17:24:42.634Z"}
{"level":"info","message":"Server running on port 3000","timestamp":"2025-06-19T17:24:42.686Z"}
{"level":"info","message":"Database connected successfully","timestamp":"2025-06-19T17:26:33.610Z"}
{"level":"info","message":"Session table checked/initialized successfully","timestamp":"2025-06-19T17:26:33.631Z"}
{"level":"info","message":"Admin user(s) already exist, skipping default admin creation.","timestamp":"2025-06-19T17:26:33.642Z"}
{"level":"info","message":"Server running on port 3000","timestamp":"2025-06-19T17:26:33.680Z"}
{"level":"info","message":"Database connected successfully","timestamp":"2025-06-19T18:27:42.815Z"}
{"level":"info","message":"Session table checked/initialized successfully","timestamp":"2025-06-19T18:27:42.836Z"}
{"level":"info","message":"Admin user(s) already exist, skipping default admin creation.","timestamp":"2025-06-19T18:27:42.844Z"}
{"level":"info","message":"Server running on port 3000","timestamp":"2025-06-19T18:27:42.928Z"}
{"level":"info","message":"Database connected successfully","timestamp":"2025-06-19T18:28:35.133Z"}
{"level":"info","message":"Session table checked/initialized successfully","timestamp":"2025-06-19T18:28:35.148Z"}
{"level":"info","message":"Admin user(s) already exist, skipping default admin creation.","timestamp":"2025-06-19T18:28:35.156Z"}
{"level":"info","message":"Server running on port 3000","timestamp":"2025-06-19T18:28:35.187Z"}
{"level":"info","message":"Database connected successfully","timestamp":"2025-06-19T18:33:02.654Z"}
{"level":"info","message":"Session table checked/initialized successfully","timestamp":"2025-06-19T18:33:02.668Z"}
{"level":"info","message":"Admin user(s) already exist, skipping default admin creation.","timestamp":"2025-06-19T18:33:02.674Z"}
{"level":"info","message":"Server running on port 3000","timestamp":"2025-06-19T18:33:02.700Z"}
{"level":"info","message":"Database connected successfully","timestamp":"2025-06-20T14:57:42.888Z"}
{"level":"info","message":"Session table checked/initialized successfully","timestamp":"2025-06-20T14:57:42.935Z"}
{"level":"info","message":"Admin user(s) already exist, skipping default admin creation.","timestamp":"2025-06-20T14:57:42.974Z"}
{"level":"info","message":"Server running on port 3000","timestamp":"2025-06-20T14:57:43.013Z"}
{"level":"info","message":"Session table checked/initialized successfully","timestamp":"2025-06-20T14:59:45.030Z"}
{"level":"info","message":"Admin user(s) already exist, skipping default admin creation.","timestamp":"2025-06-20T14:59:45.041Z"}
{"level":"info","message":"Server running on port 3000","timestamp":"2025-06-20T14:59:45.068Z"}
{"level":"info","message":"Database connected successfully","timestamp":"2025-06-20T14:59:45.116Z"}
{"level":"info","message":"Database connected successfully","timestamp":"2025-06-20T14:59:48.750Z"}
{"level":"info","message":"Session table checked/initialized successfully","timestamp":"2025-06-20T14:59:48.766Z"}
{"level":"info","message":"Admin user(s) already exist, skipping default admin creation.","timestamp":"2025-06-20T14:59:48.775Z"}
{"level":"info","message":"Server running on port 3000","timestamp":"2025-06-20T14:59:48.803Z"}
{"level":"info","message":"Database connected successfully","timestamp":"2025-06-22T10:23:45.602Z"}
{"level":"info","message":"Session table checked/initialized successfully","timestamp":"2025-06-22T10:23:45.741Z"}
{"level":"info","message":"Admin user(s) already exist, skipping default admin creation.","timestamp":"2025-06-22T10:23:45.788Z"}
{"level":"info","message":"Server running on port 3000","timestamp":"2025-06-22T10:23:45.924Z"}
{"level":"info","message":"Database connected successfully","timestamp":"2025-06-22T10:28:28.865Z"}
{"level":"info","message":"Session table checked/initialized successfully","timestamp":"2025-06-22T10:28:28.890Z"}
{"level":"info","message":"Admin user(s) already exist, skipping default admin creation.","timestamp":"2025-06-22T10:28:28.901Z"}
{"level":"info","message":"Server running on port 3000","timestamp":"2025-06-22T10:28:28.950Z"}
{"level":"info","message":"Database connected successfully","timestamp":"2025-06-22T10:28:32.819Z"}
{"level":"info","message":"Session table checked/initialized successfully","timestamp":"2025-06-22T10:28:32.843Z"}
{"level":"info","message":"Admin user(s) already exist, skipping default admin creation.","timestamp":"2025-06-22T10:28:32.854Z"}
{"level":"info","message":"Server running on port 3000","timestamp":"2025-06-22T10:28:32.906Z"}
{"level":"info","message":"Database connected successfully","timestamp":"2025-07-17T10:05:42.068Z"}
{"level":"info","message":"Session table checked/initialized successfully","timestamp":"2025-07-17T10:05:42.136Z"}
{"level":"info","message":"Admin user(s) already exist, skipping default admin creation.","timestamp":"2025-07-17T10:05:42.183Z"}
{"level":"info","message":"Server running on port 3000","timestamp":"2025-07-17T10:05:42.321Z"}
{"level":"info","message":"Database connected successfully","timestamp":"2025-07-17T10:43:18.423Z"}
{"level":"info","message":"Session table checked/initialized successfully","timestamp":"2025-07-17T10:43:18.442Z"}
{"level":"info","message":"Admin user(s) already exist, skipping default admin creation.","timestamp":"2025-07-17T10:43:18.450Z"}
{"level":"info","message":"Server running on port 3000","timestamp":"2025-07-17T10:43:18.477Z"}
{"level":"info","message":"Database connected successfully","timestamp":"2025-08-07T06:14:02.890Z"}
{"level":"info","message":"Session table checked/initialized successfully","timestamp":"2025-08-07T06:14:03.008Z"}
{"level":"info","message":"Admin user(s) already exist, skipping default admin creation.","timestamp":"2025-08-07T06:14:03.064Z"}
{"level":"info","message":"Server running on port 3000","timestamp":"2025-08-07T06:14:03.198Z"}
{"level":"info","message":"Database connected successfully","timestamp":"2025-08-07T06:21:32.977Z"}
{"level":"info","message":"Session table checked/initialized successfully","timestamp":"2025-08-07T06:21:33.017Z"}
{"level":"info","message":"Admin user(s) already exist, skipping default admin creation.","timestamp":"2025-08-07T06:21:33.040Z"}
{"level":"info","message":"Server running on port 3000","timestamp":"2025-08-07T06:21:33.107Z"}
{"level":"info","message":"Session table checked/initialized successfully","timestamp":"2025-08-07T06:22:08.474Z"}
{"level":"info","message":"Admin user(s) already exist, skipping default admin creation.","timestamp":"2025-08-07T06:22:08.497Z"}
{"level":"info","message":"Server running on port 3000","timestamp":"2025-08-07T06:22:08.542Z"}
{"level":"info","message":"Database connected successfully","timestamp":"2025-08-07T06:22:08.554Z"}
{"level":"info","message":"Database connected successfully","timestamp":"2025-08-07T06:24:20.242Z"}
{"level":"info","message":"Session table checked/initialized successfully","timestamp":"2025-08-07T06:24:20.346Z"}
{"level":"info","message":"Admin user(s) already exist, skipping default admin creation.","timestamp":"2025-08-07T06:24:20.393Z"}
{"level":"info","message":"Server running on port 3000","timestamp":"2025-08-07T06:24:20.441Z"}
{"level":"info","message":"Database connected successfully","timestamp":"2025-08-07T06:24:40.509Z"}
{"level":"info","message":"Session table checked/initialized successfully","timestamp":"2025-08-07T06:24:40.529Z"}
{"level":"info","message":"Admin user(s) already exist, skipping default admin creation.","timestamp":"2025-08-07T06:24:40.542Z"}
{"level":"info","message":"Server running on port 3000","timestamp":"2025-08-07T06:24:40.593Z"}
{"level":"info","message":"Database connected successfully","timestamp":"2025-08-07T06:25:33.541Z"}
{"level":"info","message":"Session table checked/initialized successfully","timestamp":"2025-08-07T06:25:33.568Z"}
{"level":"info","message":"Admin user(s) already exist, skipping default admin creation.","timestamp":"2025-08-07T06:25:33.583Z"}
{"level":"info","message":"Server running on port 3000","timestamp":"2025-08-07T06:25:33.636Z"}
{"level":"info","message":"Database connected successfully","timestamp":"2025-08-07T06:27:48.212Z"}
{"level":"info","message":"Session table checked/initialized successfully","timestamp":"2025-08-07T06:27:48.243Z"}
{"level":"info","message":"Admin user(s) already exist, skipping default admin creation.","timestamp":"2025-08-07T06:27:48.259Z"}
{"level":"info","message":"Server running on port 3000","timestamp":"2025-08-07T06:27:48.310Z"}
{"level":"info","message":"Database connected successfully","timestamp":"2025-08-07T06:32:02.762Z"}
{"level":"info","message":"Session table checked/initialized successfully","timestamp":"2025-08-07T06:32:02.782Z"}
{"level":"info","message":"Admin user(s) already exist, skipping default admin creation.","timestamp":"2025-08-07T06:32:02.794Z"}
{"level":"info","message":"Server running on port 3000","timestamp":"2025-08-07T06:32:02.842Z"}
{"level":"info","message":"Database connected successfully","timestamp":"2025-08-07T06:32:07.206Z"}
{"level":"info","message":"Session table checked/initialized successfully","timestamp":"2025-08-07T06:32:07.229Z"}
{"level":"info","message":"Admin user(s) already exist, skipping default admin creation.","timestamp":"2025-08-07T06:32:07.241Z"}
{"level":"info","message":"Server running on port 3000","timestamp":"2025-08-07T06:32:07.291Z"}
{"level":"info","message":"Database connected successfully","timestamp":"2025-08-07T06:46:02.357Z"}
{"level":"info","message":"Session table checked/initialized successfully","timestamp":"2025-08-07T06:46:02.391Z"}
{"level":"info","message":"Admin user(s) already exist, skipping default admin creation.","timestamp":"2025-08-07T06:46:02.420Z"}
{"level":"info","message":"Server running on port 3000","timestamp":"2025-08-07T06:46:02.484Z"}
{"level":"info","message":"Database connected successfully","timestamp":"2025-08-07T06:49:23.465Z"}
{"level":"info","message":"Session table checked/initialized successfully","timestamp":"2025-08-07T06:49:23.497Z"}
{"level":"info","message":"Admin user(s) already exist, skipping default admin creation.","timestamp":"2025-08-07T06:49:23.512Z"}
{"level":"info","message":"Server running on port 3000","timestamp":"2025-08-07T06:49:23.565Z"}
{"level":"info","message":"Database connected successfully","timestamp":"2025-08-07T06:49:26.312Z"}
{"level":"info","message":"Session table checked/initialized successfully","timestamp":"2025-08-07T06:49:26.332Z"}
{"level":"info","message":"Admin user(s) already exist, skipping default admin creation.","timestamp":"2025-08-07T06:49:26.343Z"}
{"level":"info","message":"Server running on port 3000","timestamp":"2025-08-07T06:49:26.390Z"}
{"level":"info","message":"Database connected successfully","timestamp":"2025-09-07T18:38:56.286Z"}
{"level":"info","message":"Session table checked/initialized successfully","timestamp":"2025-09-07T18:38:56.407Z"}
{"level":"info","message":"Admin user(s) already exist, skipping default admin creation.","timestamp":"2025-09-07T18:38:56.423Z"}
{"level":"info","message":"Server running on port 3000","timestamp":"2025-09-07T18:38:56.452Z"}
{"level":"info","message":"Session table checked/initialized successfully","timestamp":"2025-09-07T18:51:57.505Z"}
{"level":"info","message":"Admin user(s) already exist, skipping default admin creation.","timestamp":"2025-09-07T18:51:57.518Z"}
{"level":"info","message":"Server running on port 3000","timestamp":"2025-09-07T18:51:57.544Z"}
{"level":"info","message":"Database connected successfully","timestamp":"2025-09-07T18:51:57.586Z"}
{"level":"info","message":"Database connected successfully","timestamp":"2025-09-07T18:51:59.346Z"}
{"level":"info","message":"Session table checked/initialized successfully","timestamp":"2025-09-07T18:51:59.358Z"}
{"level":"info","message":"Admin user(s) already exist, skipping default admin creation.","timestamp":"2025-09-07T18:51:59.365Z"}
{"level":"info","message":"Server running on port 3000","timestamp":"2025-09-07T18:51:59.393Z"}
